09:59:07  [main] 	Initializing Control Panel
09:59:07  [main] 	Windows Version:  Enterprise  64-bit
09:59:07  [main] 	XAMPP Version: 8.1.10
09:59:07  [main] 	Control Panel Version: 3.3.0  [ Compiled: Apr 6th 2021 ]
09:59:07  [main] 	You are not running with administrator rights! This will work for
09:59:07  [main] 	most application stuff but whenever you do something with services
09:59:07  [main] 	there will be a security dialogue or things will break! So think 
09:59:07  [main] 	about running this application with administrator rights!
09:59:07  [main] 	XAMPP Installation Directory: "f:\uni\iqra\courses\dbms lab\sqy installed\"
09:59:07  [main] 	WARNING: Your install directory contains spaces.  This may break programs/scripts
09:59:07  [main] 	Checking for prerequisites
09:59:08  [main] 	All prerequisites found
09:59:08  [main] 	Initializing Modules
09:59:08  [main] 	Starting Check-Timer
09:59:08  [main] 	Control Panel Ready
09:59:12  [mysql] 	Attempting to start MySQL app...
10:01:03  [mysql] 	Attempting to start MySQL app...
10:04:04  [main] 	Deinitializing Modules
10:04:04  [main] 	Deinitializing Control Panel

07:07:56  [main] 	Initializing Control Panel
07:07:56  [main] 	Windows Version:  Enterprise  64-bit
07:07:56  [main] 	XAMPP Version: 8.1.10
07:07:56  [main] 	Control Panel Version: 3.3.0  [ Compiled: Apr 6th 2021 ]
07:07:56  [main] 	You are not running with administrator rights! This will work for
07:07:56  [main] 	most application stuff but whenever you do something with services
07:07:56  [main] 	there will be a security dialogue or things will break! So think 
07:07:56  [main] 	about running this application with administrator rights!
07:07:56  [main] 	XAMPP Installation Directory: "f:\uni\iqra\courses\dbms lab\new folder\"
07:07:56  [main] 	WARNING: Your install directory contains spaces.  This may break programs/scripts
07:07:56  [main] 	Checking for prerequisites
07:07:58  [main] 	All prerequisites found
07:07:58  [main] 	Initializing Modules
07:07:58  [main] 	Starting Check-Timer
07:07:58  [main] 	Control Panel Ready
07:08:13  [mysql] 	Attempting to start MySQL app...
07:08:14  [mysql] 	Status change detected: running
07:24:14  [mysql] 	Status change detected: stopped
07:24:14  [mysql] 	Error: MySQL shutdown unexpectedly.
07:24:14  [mysql] 	This may be due to a blocked port, missing dependencies, 
07:24:14  [mysql] 	improper privileges, a crash, or a shutdown by another method.
07:24:14  [mysql] 	Press the Logs button to view error logs and check
07:24:14  [mysql] 	the Windows Event Viewer for more clues
07:24:14  [mysql] 	If you need more help, copy and post this
07:24:14  [mysql] 	entire log window on the forums
07:59:16  [mysql] 	Attempting to start MySQL app...
07:59:16  [mysql] 	Status change detected: running
10:26:31  [mysql] 	Attempting to stop MySQL app...
10:26:31  [mysql] 	Status change detected: stopped
10:26:32  [mysql] 	Attempting to start MySQL app...
10:26:33  [mysql] 	Status change detected: running
13:55:46  [mysql] 	Attempting to stop MySQL app...
13:55:47  [mysql] 	Status change detected: stopped
13:56:11  [main] 	Deinitializing Modules
13:56:11  [main] 	Deinitializing Control Panel

10:20:01  [main] 	Initializing Control Panel
10:20:01  [main] 	Windows Version:  Enterprise  64-bit
10:20:01  [main] 	XAMPP Version: 8.1.10
10:20:01  [main] 	Control Panel Version: 3.3.0  [ Compiled: Apr 6th 2021 ]
10:20:01  [main] 	You are not running with administrator rights! This will work for
10:20:01  [main] 	most application stuff but whenever you do something with services
10:20:01  [main] 	there will be a security dialogue or things will break! So think 
10:20:01  [main] 	about running this application with administrator rights!
10:20:01  [main] 	XAMPP Installation Directory: "f:\uni\iqra\courses\dbms lab\new folder\"
10:20:01  [main] 	WARNING: Your install directory contains spaces.  This may break programs/scripts
10:20:01  [main] 	Checking for prerequisites
10:20:03  [main] 	All prerequisites found
10:20:03  [main] 	Initializing Modules
10:20:03  [main] 	Starting Check-Timer
10:20:03  [main] 	Control Panel Ready
10:20:06  [mysql] 	Attempting to start MySQL app...
10:20:06  [mysql] 	Status change detected: running
10:20:10  [mysql] 	Status change detected: stopped
10:20:10  [mysql] 	Error: MySQL shutdown unexpectedly.
10:20:10  [mysql] 	This may be due to a blocked port, missing dependencies, 
10:20:10  [mysql] 	improper privileges, a crash, or a shutdown by another method.
10:20:10  [mysql] 	Press the Logs button to view error logs and check
10:20:10  [mysql] 	the Windows Event Viewer for more clues
10:20:10  [mysql] 	If you need more help, copy and post this
10:20:10  [mysql] 	entire log window on the forums
10:20:15  [mysql] 	Attempting to start MySQL app...
10:20:15  [mysql] 	Status change detected: running
10:20:17  [mysql] 	Status change detected: stopped
10:20:17  [mysql] 	Error: MySQL shutdown unexpectedly.
10:20:17  [mysql] 	This may be due to a blocked port, missing dependencies, 
10:20:17  [mysql] 	improper privileges, a crash, or a shutdown by another method.
10:20:17  [mysql] 	Press the Logs button to view error logs and check
10:20:17  [mysql] 	the Windows Event Viewer for more clues
10:20:17  [mysql] 	If you need more help, copy and post this
10:20:17  [mysql] 	entire log window on the forums
10:20:26  [mysql] 	Attempting to start MySQL app...
10:20:26  [mysql] 	Status change detected: running
10:20:29  [mysql] 	Status change detected: stopped
10:20:29  [mysql] 	Error: MySQL shutdown unexpectedly.
10:20:29  [mysql] 	This may be due to a blocked port, missing dependencies, 
10:20:29  [mysql] 	improper privileges, a crash, or a shutdown by another method.
10:20:29  [mysql] 	Press the Logs button to view error logs and check
10:20:29  [mysql] 	the Windows Event Viewer for more clues
10:20:29  [mysql] 	If you need more help, copy and post this
10:20:29  [mysql] 	entire log window on the forums
10:20:53  [mysql] 	Attempting to start MySQL app...
10:20:54  [mysql] 	Status change detected: running
10:20:59  [mysql] 	Status change detected: stopped
10:20:59  [mysql] 	Error: MySQL shutdown unexpectedly.
10:20:59  [mysql] 	This may be due to a blocked port, missing dependencies, 
10:20:59  [mysql] 	improper privileges, a crash, or a shutdown by another method.
10:20:59  [mysql] 	Press the Logs button to view error logs and check
10:20:59  [mysql] 	the Windows Event Viewer for more clues
10:20:59  [mysql] 	If you need more help, copy and post this
10:20:59  [mysql] 	entire log window on the forums
10:26:12  [main] 	Executing "f:\uni\iqra\courses\dbms lab\new folder\"
10:32:29  [mysql] 	Status change detected: running
10:32:32  [mysql] 	Status change detected: stopped
10:32:32  [mysql] 	Error: MySQL shutdown unexpectedly.
10:32:32  [mysql] 	This may be due to a blocked port, missing dependencies, 
10:32:32  [mysql] 	improper privileges, a crash, or a shutdown by another method.
10:32:32  [mysql] 	Press the Logs button to view error logs and check
10:32:32  [mysql] 	the Windows Event Viewer for more clues
10:32:32  [mysql] 	If you need more help, copy and post this
10:32:32  [mysql] 	entire log window on the forums
10:32:36  [mysql] 	Status change detected: running
10:32:38  [mysql] 	Status change detected: stopped
10:32:38  [mysql] 	Error: MySQL shutdown unexpectedly.
10:32:38  [mysql] 	This may be due to a blocked port, missing dependencies, 
10:32:38  [mysql] 	improper privileges, a crash, or a shutdown by another method.
10:32:38  [mysql] 	Press the Logs button to view error logs and check
10:32:38  [mysql] 	the Windows Event Viewer for more clues
10:32:38  [mysql] 	If you need more help, copy and post this
10:32:38  [mysql] 	entire log window on the forums
10:33:40  [mysql] 	Status change detected: running
10:33:43  [mysql] 	Status change detected: stopped
10:33:43  [mysql] 	Error: MySQL shutdown unexpectedly.
10:33:43  [mysql] 	This may be due to a blocked port, missing dependencies, 
10:33:43  [mysql] 	improper privileges, a crash, or a shutdown by another method.
10:33:43  [mysql] 	Press the Logs button to view error logs and check
10:33:43  [mysql] 	the Windows Event Viewer for more clues
10:33:43  [mysql] 	If you need more help, copy and post this
10:33:43  [mysql] 	entire log window on the forums
10:34:08  [mysql] 	Status change detected: running
10:34:11  [mysql] 	Status change detected: stopped
10:34:11  [mysql] 	Error: MySQL shutdown unexpectedly.
10:34:11  [mysql] 	This may be due to a blocked port, missing dependencies, 
10:34:11  [mysql] 	improper privileges, a crash, or a shutdown by another method.
10:34:11  [mysql] 	Press the Logs button to view error logs and check
10:34:11  [mysql] 	the Windows Event Viewer for more clues
10:34:11  [mysql] 	If you need more help, copy and post this
10:34:11  [mysql] 	entire log window on the forums
10:37:28  [mysql] 	Status change detected: running
11:01:07  [mysql] 	Status change detected: stopped
11:01:07  [mysql] 	Error: MySQL shutdown unexpectedly.
11:01:07  [mysql] 	This may be due to a blocked port, missing dependencies, 
11:01:07  [mysql] 	improper privileges, a crash, or a shutdown by another method.
11:01:07  [mysql] 	Press the Logs button to view error logs and check
11:01:07  [mysql] 	the Windows Event Viewer for more clues
11:01:07  [mysql] 	If you need more help, copy and post this
11:01:07  [mysql] 	entire log window on the forums
11:04:33  [main] 	Deinitializing Modules
11:04:33  [main] 	Deinitializing Control Panel

14:25:54  [main] 	Initializing Control Panel
14:25:54  [main] 	Windows Version:  Enterprise  64-bit
14:25:54  [main] 	XAMPP Version: 8.1.10
14:25:54  [main] 	Control Panel Version: 3.3.0  [ Compiled: Apr 6th 2021 ]
14:25:54  [main] 	You are not running with administrator rights! This will work for
14:25:54  [main] 	most application stuff but whenever you do something with services
14:25:54  [main] 	there will be a security dialogue or things will break! So think 
14:25:54  [main] 	about running this application with administrator rights!
14:25:54  [main] 	XAMPP Installation Directory: "f:\uni\iqra\courses\dbms lab\new folder\"
14:25:54  [main] 	WARNING: Your install directory contains spaces.  This may break programs/scripts
14:25:54  [main] 	Checking for prerequisites
14:25:54  [main] 	All prerequisites found
14:25:54  [main] 	Initializing Modules
14:25:54  [main] 	Starting Check-Timer
14:25:54  [main] 	Control Panel Ready
14:25:56  [mysql] 	Attempting to start MySQL app...
14:25:56  [mysql] 	Status change detected: running
14:42:53  [mysql] 	Attempting to stop MySQL app...
14:42:53  [mysql] 	Status change detected: stopped
15:05:40  [main] 	Deinitializing Modules
15:05:40  [main] 	Deinitializing Control Panel

08:10:30  [main] 	Initializing Control Panel
08:10:30  [main] 	Windows Version:  Enterprise  64-bit
08:10:30  [main] 	XAMPP Version: 8.1.10
08:10:30  [main] 	Control Panel Version: 3.3.0  [ Compiled: Apr 6th 2021 ]
08:10:30  [main] 	You are not running with administrator rights! This will work for
08:10:30  [main] 	most application stuff but whenever you do something with services
08:10:30  [main] 	there will be a security dialogue or things will break! So think 
08:10:30  [main] 	about running this application with administrator rights!
08:10:30  [main] 	XAMPP Installation Directory: "f:\uni\iqra\courses\dbms lab\new folder\"
08:10:30  [main] 	WARNING: Your install directory contains spaces.  This may break programs/scripts
08:10:30  [main] 	Checking for prerequisites
08:10:31  [main] 	All prerequisites found
08:10:31  [main] 	Initializing Modules
08:10:31  [main] 	Starting Check-Timer
08:10:31  [main] 	Control Panel Ready
08:10:33  [mysql] 	Attempting to start MySQL app...
08:10:33  [mysql] 	Status change detected: running
08:10:39  [mysql] 	Status change detected: stopped
08:10:39  [mysql] 	Error: MySQL shutdown unexpectedly.
08:10:39  [mysql] 	This may be due to a blocked port, missing dependencies, 
08:10:39  [mysql] 	improper privileges, a crash, or a shutdown by another method.
08:10:39  [mysql] 	Press the Logs button to view error logs and check
08:10:39  [mysql] 	the Windows Event Viewer for more clues
08:10:39  [mysql] 	If you need more help, copy and post this
08:10:39  [mysql] 	entire log window on the forums
08:10:58  [mysql] 	Attempting to start MySQL app...
08:10:58  [mysql] 	Status change detected: running
08:26:46  [mysql] 	Attempting to stop MySQL app...
08:26:46  [mysql] 	Status change detected: stopped
08:30:20  [main] 	Deinitializing Modules
08:30:20  [main] 	Deinitializing Control Panel

