2023-01-17  7:41:38 0 [Note] InnoDB: Mutexes and rw_locks use Windows interlocked functions
2023-01-17  7:41:38 0 [Note] InnoDB: Uses event mutexes
2023-01-17  7:41:38 0 [Note] InnoDB: Compressed tables use zlib 1.2.11
2023-01-17  7:41:38 0 [Note] InnoDB: Number of pools: 1
2023-01-17  7:41:38 0 [Note] InnoDB: Using SSE2 crc32 instructions
2023-01-17  7:41:38 0 [Note] InnoDB: Initializing buffer pool, total size = 16M, instances = 1, chunk size = 16M
2023-01-17  7:41:38 0 [Note] InnoDB: Completed initialization of buffer pool
2023-01-17  7:41:39 0 [Note] InnoDB: Starting crash recovery from checkpoint LSN=300288
2023-01-17  7:41:39 0 [Note] InnoDB: 128 out of 128 rollback segments are active.
2023-01-17  7:41:39 0 [Note] InnoDB: Removed temporary tablespace data file: "ibtmp1"
2023-01-17  7:41:39 0 [Note] InnoDB: Creating shared tablespace for temporary tables
2023-01-17  7:41:39 0 [Note] InnoDB: Setting file 'F:\uni\IQRA\courses\DBMS LAB\New folder\mysql\data\ibtmp1' size to 12 MB. Physically writing the file full; Please wait ...
2023-01-17  7:41:39 0 [Note] InnoDB: File 'F:\uni\IQRA\courses\DBMS LAB\New folder\mysql\data\ibtmp1' size is now 12 MB.
2023-01-17  7:41:39 0 [Note] InnoDB: Waiting for purge to start
2023-01-17  7:41:39 0 [Note] InnoDB: 10.4.25 started; log sequence number 300297; transaction id 170
2023-01-17  7:41:39 0 [Note] InnoDB: Loading buffer pool(s) from F:\uni\IQRA\courses\DBMS LAB\New folder\mysql\data\ib_buffer_pool
2023-01-17  7:41:39 0 [Note] Plugin 'FEEDBACK' is disabled.
2023-01-17  7:41:40 0 [Note] InnoDB: Buffer pool(s) load completed at 230117  7:41:40
2023-01-17  7:41:40 0 [Note] Server socket created on IP: '::'.
2023-01-20 14:57:36 0 [Note] InnoDB: Mutexes and rw_locks use Windows interlocked functions
2023-01-20 14:57:36 0 [Note] InnoDB: Uses event mutexes
2023-01-20 14:57:36 0 [Note] InnoDB: Compressed tables use zlib 1.2.11
2023-01-20 14:57:36 0 [Note] InnoDB: Number of pools: 1
2023-01-20 14:57:36 0 [Note] InnoDB: Using SSE2 crc32 instructions
2023-01-20 14:57:36 0 [Note] InnoDB: Initializing buffer pool, total size = 16M, instances = 1, chunk size = 16M
2023-01-20 14:57:36 0 [Note] InnoDB: Completed initialization of buffer pool
2023-01-20 14:57:36 0 [Note] InnoDB: Starting crash recovery from checkpoint LSN=312697
2023-01-20 14:57:37 0 [Note] InnoDB: 128 out of 128 rollback segments are active.
2023-01-20 14:57:37 0 [Note] InnoDB: Removed temporary tablespace data file: "ibtmp1"
2023-01-20 14:57:37 0 [Note] InnoDB: Creating shared tablespace for temporary tables
2023-01-20 14:57:37 0 [Note] InnoDB: Setting file 'F:\uni\IQRA\courses\DBMS LAB\New folder\mysql\data\ibtmp1' size to 12 MB. Physically writing the file full; Please wait ...
2023-01-20 14:57:37 0 [Note] InnoDB: File 'F:\uni\IQRA\courses\DBMS LAB\New folder\mysql\data\ibtmp1' size is now 12 MB.
2023-01-20 14:57:37 0 [Note] InnoDB: Waiting for purge to start
2023-01-20 14:57:37 0 [Note] InnoDB: 10.4.25 started; log sequence number 312706; transaction id 221
2023-01-20 14:57:37 0 [Note] InnoDB: Loading buffer pool(s) from F:\uni\IQRA\courses\DBMS LAB\New folder\mysql\data\ib_buffer_pool
2023-01-20 14:57:37 0 [Note] Plugin 'FEEDBACK' is disabled.
2023-01-20 14:57:37 0 [Note] InnoDB: Buffer pool(s) load completed at 230120 14:57:37
2023-01-20 14:57:37 0 [Note] Server socket created on IP: '::'.
2023-01-21  8:56:08 0 [Note] mysqld.exe: Aria engine: starting recovery
recovered pages: 0% 12% 28% 44% 60% 72% 85% 99% 100% (0.1 seconds); tables to flush: 1 0
 (0.1 seconds); 
2023-01-21  8:56:09 0 [Note] mysqld.exe: Aria engine: recovery done
2023-01-21  8:56:09 0 [Note] InnoDB: Mutexes and rw_locks use Windows interlocked functions
2023-01-21  8:56:09 0 [Note] InnoDB: Uses event mutexes
2023-01-21  8:56:09 0 [Note] InnoDB: Compressed tables use zlib 1.2.11
2023-01-21  8:56:09 0 [Note] InnoDB: Number of pools: 1
2023-01-21  8:56:09 0 [Note] InnoDB: Using SSE2 crc32 instructions
2023-01-21  8:56:09 0 [Note] InnoDB: Initializing buffer pool, total size = 16M, instances = 1, chunk size = 16M
2023-01-21  8:56:09 0 [Note] InnoDB: Completed initialization of buffer pool
2023-01-21  8:56:09 0 [Note] InnoDB: Starting crash recovery from checkpoint LSN=4268265
2023-01-21  8:56:10 0 [Note] InnoDB: 128 out of 128 rollback segments are active.
2023-01-21  8:56:10 0 [Note] InnoDB: Removed temporary tablespace data file: "ibtmp1"
2023-01-21  8:56:10 0 [Note] InnoDB: Creating shared tablespace for temporary tables
2023-01-21  8:56:10 0 [Note] InnoDB: Setting file 'F:\uni\IQRA\courses\DBMS LAB\New folder\mysql\data\ibtmp1' size to 12 MB. Physically writing the file full; Please wait ...
2023-01-21  8:56:10 0 [Note] InnoDB: File 'F:\uni\IQRA\courses\DBMS LAB\New folder\mysql\data\ibtmp1' size is now 12 MB.
2023-01-21  8:56:10 0 [Note] InnoDB: Waiting for purge to start
2023-01-21  8:56:10 0 [Note] InnoDB: 10.4.25 started; log sequence number 4268274; transaction id 7667
2023-01-21  8:56:10 0 [Note] InnoDB: Loading buffer pool(s) from F:\uni\IQRA\courses\DBMS LAB\New folder\mysql\data\ib_buffer_pool
2023-01-21  8:56:10 0 [Note] Plugin 'FEEDBACK' is disabled.
2023-01-21  8:56:10 0 [Note] Server socket created on IP: '::'.
2023-01-28 12:33:00 0 [Note] InnoDB: Mutexes and rw_locks use Windows interlocked functions
2023-01-28 12:33:00 0 [Note] InnoDB: Uses event mutexes
2023-01-28 12:33:00 0 [Note] InnoDB: Compressed tables use zlib 1.2.11
2023-01-28 12:33:00 0 [Note] InnoDB: Number of pools: 1
2023-01-28 12:33:00 0 [Note] InnoDB: Using SSE2 crc32 instructions
2023-01-28 12:33:00 0 [Note] InnoDB: Initializing buffer pool, total size = 16M, instances = 1, chunk size = 16M
2023-01-28 12:33:00 0 [Note] InnoDB: Completed initialization of buffer pool
2023-01-28 12:33:00 0 [Note] InnoDB: Starting crash recovery from checkpoint LSN=4275049
2023-01-28 12:33:01 0 [Note] InnoDB: 128 out of 128 rollback segments are active.
2023-01-28 12:33:01 0 [Note] InnoDB: Removed temporary tablespace data file: "ibtmp1"
2023-01-28 12:33:01 0 [Note] InnoDB: Creating shared tablespace for temporary tables
2023-01-28 12:33:01 0 [Note] InnoDB: Setting file 'F:\uni\IQRA\courses\DBMS LAB\New folder\mysql\data\ibtmp1' size to 12 MB. Physically writing the file full; Please wait ...
2023-01-28 12:33:01 0 [Note] InnoDB: File 'F:\uni\IQRA\courses\DBMS LAB\New folder\mysql\data\ibtmp1' size is now 12 MB.
2023-01-28 12:33:01 0 [Note] InnoDB: Waiting for purge to start
2023-01-28 12:33:01 0 [Note] InnoDB: 10.4.25 started; log sequence number 4275058; transaction id 7709
2023-01-28 12:33:01 0 [Note] InnoDB: Loading buffer pool(s) from F:\uni\IQRA\courses\DBMS LAB\New folder\mysql\data\ib_buffer_pool
2023-01-28 12:33:02 0 [Note] Plugin 'FEEDBACK' is disabled.
2023-01-28 12:33:02 0 [Note] InnoDB: Buffer pool(s) load completed at 230128 12:33:02
2023-01-28 12:33:02 0 [Note] Server socket created on IP: '::'.
2023-02-09 17:26:20 0 [Note] InnoDB: Mutexes and rw_locks use Windows interlocked functions
2023-02-09 17:26:20 0 [Note] InnoDB: Uses event mutexes
2023-02-09 17:26:20 0 [Note] InnoDB: Compressed tables use zlib 1.2.11
2023-02-09 17:26:20 0 [Note] InnoDB: Number of pools: 1
2023-02-09 17:26:20 0 [Note] InnoDB: Using SSE2 crc32 instructions
2023-02-09 17:26:20 0 [Note] InnoDB: Initializing buffer pool, total size = 16M, instances = 1, chunk size = 16M
2023-02-09 17:26:20 0 [Note] InnoDB: Completed initialization of buffer pool
2023-02-09 17:26:20 0 [Note] InnoDB: Starting crash recovery from checkpoint LSN=4543262
2023-02-09 17:26:21 0 [Note] InnoDB: 128 out of 128 rollback segments are active.
2023-02-09 17:26:21 0 [Note] InnoDB: Removed temporary tablespace data file: "ibtmp1"
2023-02-09 17:26:21 0 [Note] InnoDB: Creating shared tablespace for temporary tables
2023-02-09 17:26:21 0 [Note] InnoDB: Setting file 'F:\uni\IQRA\courses\DBMS LAB\New folder\mysql\data\ibtmp1' size to 12 MB. Physically writing the file full; Please wait ...
2023-02-09 17:26:21 0 [Note] InnoDB: File 'F:\uni\IQRA\courses\DBMS LAB\New folder\mysql\data\ibtmp1' size is now 12 MB.
2023-02-09 17:26:21 0 [Note] InnoDB: Waiting for purge to start
2023-02-09 17:26:21 0 [Note] InnoDB: 10.4.25 started; log sequence number 4543271; transaction id 8051
2023-02-09 17:26:21 0 [Note] InnoDB: Loading buffer pool(s) from F:\uni\IQRA\courses\DBMS LAB\New folder\mysql\data\ib_buffer_pool
2023-02-09 17:26:21 0 [Note] Plugin 'FEEDBACK' is disabled.
2023-02-09 17:26:21 0 [Note] InnoDB: Buffer pool(s) load completed at 230209 17:26:21
2023-02-09 17:26:21 0 [Note] Server socket created on IP: '::'.
2023-02-12 22:29:01 0 [Note] InnoDB: Mutexes and rw_locks use Windows interlocked functions
2023-02-12 22:29:01 0 [Note] InnoDB: Uses event mutexes
2023-02-12 22:29:01 0 [Note] InnoDB: Compressed tables use zlib 1.2.11
2023-02-12 22:29:01 0 [Note] InnoDB: Number of pools: 1
2023-02-12 22:29:01 0 [Note] InnoDB: Using SSE2 crc32 instructions
2023-02-12 22:29:01 0 [Note] InnoDB: Initializing buffer pool, total size = 16M, instances = 1, chunk size = 16M
2023-02-12 22:29:01 0 [Note] InnoDB: Completed initialization of buffer pool
2023-02-12 22:29:01 0 [Note] InnoDB: Starting crash recovery from checkpoint LSN=4546550
2023-02-12 22:29:04 0 [Note] InnoDB: 128 out of 128 rollback segments are active.
2023-02-12 22:29:04 0 [Note] InnoDB: Removed temporary tablespace data file: "ibtmp1"
2023-02-12 22:29:04 0 [Note] InnoDB: Creating shared tablespace for temporary tables
2023-02-12 22:29:04 0 [Note] InnoDB: Setting file 'F:\uni\IQRA\courses\DBMS LAB\New folder\mysql\data\ibtmp1' size to 12 MB. Physically writing the file full; Please wait ...
2023-02-12 22:29:04 0 [Note] InnoDB: File 'F:\uni\IQRA\courses\DBMS LAB\New folder\mysql\data\ibtmp1' size is now 12 MB.
2023-02-12 22:29:04 0 [Note] InnoDB: Waiting for purge to start
2023-02-12 22:29:04 0 [Note] InnoDB: 10.4.25 started; log sequence number 4546575; transaction id 8102
2023-02-12 22:29:04 0 [Note] InnoDB: Loading buffer pool(s) from F:\uni\IQRA\courses\DBMS LAB\New folder\mysql\data\ib_buffer_pool
2023-02-12 22:29:05 0 [Note] InnoDB: Buffer pool(s) load completed at 230212 22:29:05
2023-02-12 22:29:05 0 [Note] Plugin 'FEEDBACK' is disabled.
2023-02-12 22:29:05 0 [Note] Server socket created on IP: '::'.
2023-02-12 22:29:06 0 [Note] Reading of all Master_info entries succeeded
2023-02-12 22:29:06 0 [Note] Added new Master_info '' to hash table
2023-02-12 22:29:06 0 [Note] f:\uni\iqra\courses\dbms lab\new folder\mysql\bin\mysqld.exe: ready for connections.
Version: '10.4.25-MariaDB'  socket: ''  port: 3306  mariadb.org binary distribution
2023-02-12 23:46:19 0 [Warning] InnoDB: A long semaphore wait:
--Thread 816 has waited at row0ins.cc line 2634 for 241.00 seconds the semaphore:
SX-lock on RW-latch at 00000231AFCA5858 created in file buf0buf.cc line 1518
a writer (thread id 0) has reserved it in mode  SX
number of readers 0, waiters flag 1, lock_word: 10000000
Last time write locked in file buf0flu.cc line 1140
2023-02-12 23:46:19 0 [Note] InnoDB: A semaphore wait:
--Thread 816 has waited at row0ins.cc line 2634 for 241.00 seconds the semaphore:
SX-lock on RW-latch at 00000231AFCA5858 created in file buf0buf.cc line 1518
a writer (thread id 0) has reserved it in mode  SX
number of readers 0, waiters flag 1, lock_word: 10000000
Last time write locked in file buf0flu.cc line 1140
InnoDB: ###### Starts InnoDB Monitor for 30 secs to print diagnostic info:
InnoDB: Pending reads 0, writes 0

=====================================
2023-02-12 23:46:36 0x96c INNODB MONITOR OUTPUT
=====================================
Per second averages calculated from the last 65 seconds
-----------------
BACKGROUND THREAD
-----------------
srv_master_thread loops: 1 srv_active, 0 srv_shutdown, 4615 srv_idle
srv_master_thread log flush and writes: 4616
----------
SEMAPHORES
----------
OS WAIT ARRAY INFO: reservation count 31
--Thread 816 has waited at row0ins.cc line 2634 for 258.00 seconds the semaphore:
SX-lock on RW-latch at 00000231AFCA5858 created in file buf0buf.cc line 1518
a writer (thread id 0) has reserved it in mode  SX
number of readers 0, waiters flag 1, lock_word: 10000000
Last time write locked in file buf0flu.cc line 1140
OS WAIT ARRAY INFO: signal count 5
RW-shared spins 2, rounds 60, OS waits 2
RW-excl spins 0, rounds 0, OS waits 0
RW-sx spins 1, rounds 0, OS waits 0
Spin rounds per wait: 30.00 RW-shared, 0.00 RW-excl, 0.00 RW-sx
------------
TRANSACTIONS
------------
Trx id counter 8147
Purge done for trx's n:o < 8146 undo n:o < 0 state: running but idle
History list length 8
LIST OF TRANSACTIONS FOR EACH SESSION:
---TRANSACTION 283887398285528, not started
0 lock struct(s), heap size 1128, 0 row lock(s)
---TRANSACTION 8146, ACTIVE 258 sec inserting
mysql tables in use 1, locked 1
1 lock struct(s), heap size 1128, 0 row lock(s)
MySQL thread id 8, OS thread handle 816, query id 499 localhost 127.0.0.1 root Update
insert into employees(EmployeeID,FirstName,City,Salary)
values(11,'Anwar','Lahore',1100)
--------
FILE I/O
--------
I/O thread 0 state: native aio handle (insert buffer thread)
I/O thread 1 state: native aio handle (log thread)
I/O thread 2 state: native aio handle (read thread)
I/O thread 3 state: native aio handle (read thread)
I/O thread 4 state: native aio handle (read thread)
I/O thread 5 state: native aio handle (read thread)
I/O thread 6 state: native aio handle (write thread)
I/O thread 7 state: native aio handle (write thread)
I/O thread 8 state: native aio handle (write thread)
I/O thread 9 state: native aio handle (write thread)
Pending normal aio reads: [0, 0, 0, 0] , aio writes: [0, 1, 0, 1] ,
 ibuf aio reads:, log i/o's:, sync i/o's:
Pending flushes (fsync) log: 0; buffer pool: 0
497 OS file reads, 143 OS file writes, 8 OS fsyncs
0.00 reads/s, 0 avg bytes/read, 0.00 writes/s, 0.00 fsyncs/s
-------------------------------------
INSERT BUFFER AND ADAPTIVE HASH INDEX
-------------------------------------
Ibuf: size 1, free list len 0, seg size 2, 0 merges
merged operations:
 insert 0, delete mark 0, delete 0
discarded operations:
 insert 0, delete mark 0, delete 0
Hash table size 4441, node heap has 0 buffer(s)
Hash table size 4441, node heap has 0 buffer(s)
Hash table size 4441, node heap has 0 buffer(s)
Hash table size 4441, node heap has 0 buffer(s)
Hash table size 4441, node heap has 0 buffer(s)
Hash table size 4441, node heap has 0 buffer(s)
Hash table size 4441, node heap has 0 buffer(s)
Hash table size 4441, node heap has 0 buffer(s)
0.00 hash searches/s, 0.00 non-hash searches/s
---
LOG
---
Log sequence number 4546999
Log flushed up to   4546999
Pages flushed up to 4546593
Last checkpoint at  4546584
0 pending log flushes, 0 pending chkp writes
13 log i/o's done, 0.00 log i/o's/second
----------------------
BUFFER POOL AND MEMORY
----------------------
Total large memory allocated 33554432
Dictionary memory allocated 135216
Buffer pool size   1003
Free buffers       741
Database pages     262
Old database pages 0
Modified db pages  3
Percent of dirty pages(LRU & free pages): 0.299
Max dirty pages percent: 75.000
Pending reads 0
Pending writes: LRU 2, flush list 2, single page 0
Pages made young 0, not young 0
0.00 youngs/s, 0.00 non-youngs/s
Pages read 439, created 131, written 134
0.00 reads/s, 0.00 creates/s, 0.00 writes/s
No buffer pool page gets since the last printout
Pages read ahead 0.00/s, evicted without access 0.00/s, Random read ahead 0.00/s
LRU len: 262, unzip_LRU len: 0
I/O sum[0]:cur[0], unzip sum[0]:cur[0]
--------------
ROW OPERATIONS
--------------
0 queries inside InnoDB, 0 queries in queue
0 read views open inside InnoDB
Process ID=1324, Main thread ID=4920, state: sleeping
Number of rows inserted 1, updated 0, deleted 0, read 137
0.00 inserts/s, 0.00 updates/s, 0.00 deletes/s, 0.00 reads/s
Number of system rows inserted 0, updated 0, deleted 0, read 0
0.00 inserts/s, 0.00 updates/s, 0.00 deletes/s, 0.00 reads/s
----------------------------
END OF INNODB MONITOR OUTPUT
============================
InnoDB: ###### Diagnostic info printed to the standard error stream
2023-02-12 23:46:50 0 [Warning] InnoDB: A long semaphore wait:
--Thread 816 has waited at row0ins.cc line 2634 for 272.00 seconds the semaphore:
SX-lock on RW-latch at 00000231AFCA5858 created in file buf0buf.cc line 1518
a writer (thread id 0) has reserved it in mode  SX
number of readers 0, waiters flag 1, lock_word: 10000000
Last time write locked in file buf0flu.cc line 1140
2023-02-12 23:46:50 0 [Note] InnoDB: A semaphore wait:
--Thread 816 has waited at row0ins.cc line 2634 for 272.00 seconds the semaphore:
SX-lock on RW-latch at 00000231AFCA5858 created in file buf0buf.cc line 1518
a writer (thread id 0) has reserved it in mode  SX
number of readers 0, waiters flag 1, lock_word: 10000000
Last time write locked in file buf0flu.cc line 1140
InnoDB: ###### Starts InnoDB Monitor for 30 secs to print diagnostic info:
InnoDB: Pending reads 0, writes 0

=====================================
2023-02-12 23:46:56 0x96c INNODB MONITOR OUTPUT
=====================================
Per second averages calculated from the last 20 seconds
-----------------
BACKGROUND THREAD
-----------------
srv_master_thread loops: 1 srv_active, 0 srv_shutdown, 4635 srv_idle
srv_master_thread log flush and writes: 4636
----------
SEMAPHORES
----------
OS WAIT ARRAY INFO: reservation count 31
--Thread 816 has waited at row0ins.cc line 2634 for 278.00 seconds the semaphore:
SX-lock on RW-latch at 00000231AFCA5858 created in file buf0buf.cc line 1518
a writer (thread id 0) has reserved it in mode  SX
number of readers 0, waiters flag 1, lock_word: 10000000
Last time write locked in file buf0flu.cc line 1140
OS WAIT ARRAY INFO: signal count 5
RW-shared spins 2, rounds 60, OS waits 2
RW-excl spins 0, rounds 0, OS waits 0
RW-sx spins 1, rounds 0, OS waits 0
Spin rounds per wait: 30.00 RW-shared, 0.00 RW-excl, 0.00 RW-sx
------------
TRANSACTIONS
------------
Trx id counter 8147
Purge done for trx's n:o < 8146 undo n:o < 0 state: running but idle
History list length 8
LIST OF TRANSACTIONS FOR EACH SESSION:
---TRANSACTION 283887398285528, not started
0 lock struct(s), heap size 1128, 0 row lock(s)
---TRANSACTION 8146, ACTIVE 278 sec inserting
mysql tables in use 1, locked 1
1 lock struct(s), heap size 1128, 0 row lock(s)
MySQL thread id 8, OS thread handle 816, query id 499 localhost 127.0.0.1 root Update
insert into employees(EmployeeID,FirstName,City,Salary)
values(11,'Anwar','Lahore',1100)
--------
FILE I/O
--------
I/O thread 0 state: native aio handle (insert buffer thread)
I/O thread 1 state: native aio handle (log thread)
I/O thread 2 state: native aio handle (read thread)
I/O thread 3 state: native aio handle (read thread)
I/O thread 4 state: native aio handle (read thread)
I/O thread 5 state: native aio handle (read thread)
I/O thread 6 state: native aio handle (write thread)
I/O thread 7 state: native aio handle (write thread)
I/O thread 8 state: native aio handle (write thread)
I/O thread 9 state: native aio handle (write thread)
Pending normal aio reads: [0, 0, 0, 0] , aio writes: [0, 1, 0, 1] ,
 ibuf aio reads:, log i/o's:, sync i/o's:
Pending flushes (fsync) log: 0; buffer pool: 0
497 OS file reads, 143 OS file writes, 8 OS fsyncs
0.00 reads/s, 0 avg bytes/read, 0.00 writes/s, 0.00 fsyncs/s
-------------------------------------
INSERT BUFFER AND ADAPTIVE HASH INDEX
-------------------------------------
Ibuf: size 1, free list len 0, seg size 2, 0 merges
merged operations:
 insert 0, delete mark 0, delete 0
discarded operations:
 insert 0, delete mark 0, delete 0
Hash table size 4441, node heap has 0 buffer(s)
Hash table size 4441, node heap has 0 buffer(s)
Hash table size 4441, node heap has 0 buffer(s)
Hash table size 4441, node heap has 0 buffer(s)
Hash table size 4441, node heap has 0 buffer(s)
Hash table size 4441, node heap has 0 buffer(s)
Hash table size 4441, node heap has 0 buffer(s)
Hash table size 4441, node heap has 0 buffer(s)
0.00 hash searches/s, 0.00 non-hash searches/s
---
LOG
---
Log sequence number 4546999
Log flushed up to   4546999
Pages flushed up to 4546593
Last checkpoint at  4546584
0 pending log flushes, 0 pending chkp writes
13 log i/o's done, 0.00 log i/o's/second
----------------------
BUFFER POOL AND MEMORY
----------------------
Total large memory allocated 33554432
Dictionary memory allocated 135216
Buffer pool size   1003
Free buffers       741
Database pages     262
Old database pages 0
Modified db pages  3
Percent of dirty pages(LRU & free pages): 0.299
Max dirty pages percent: 75.000
Pending reads 0
Pending writes: LRU 2, flush list 2, single page 0
Pages made young 0, not young 0
0.00 youngs/s, 0.00 non-youngs/s
Pages read 439, created 131, written 134
0.00 reads/s, 0.00 creates/s, 0.00 writes/s
No buffer pool page gets since the last printout
Pages read ahead 0.00/s, evicted without access 0.00/s, Random read ahead 0.00/s
LRU len: 262, unzip_LRU len: 0
I/O sum[0]:cur[0], unzip sum[0]:cur[0]
--------------
ROW OPERATIONS
--------------
0 queries inside InnoDB, 0 queries in queue
0 read views open inside InnoDB
Process ID=1324, Main thread ID=4920, state: sleeping
Number of rows inserted 1, updated 0, deleted 0, read 137
0.00 inserts/s, 0.00 updates/s, 0.00 deletes/s, 0.00 reads/s
Number of system rows inserted 0, updated 0, deleted 0, read 0
0.00 inserts/s, 0.00 updates/s, 0.00 deletes/s, 0.00 reads/s
----------------------------
END OF INNODB MONITOR OUTPUT
============================
2023-02-12 23:47:24 0 [Note] InnoDB: Mutexes and rw_locks use Windows interlocked functions
2023-02-12 23:47:24 0 [Note] InnoDB: Uses event mutexes
2023-02-12 23:47:24 0 [Note] InnoDB: Compressed tables use zlib 1.2.11
2023-02-12 23:47:24 0 [Note] InnoDB: Number of pools: 1
2023-02-12 23:47:24 0 [Note] InnoDB: Using SSE2 crc32 instructions
2023-02-12 23:47:24 0 [Note] InnoDB: Initializing buffer pool, total size = 16M, instances = 1, chunk size = 16M
2023-02-12 23:47:24 0 [Note] InnoDB: Completed initialization of buffer pool
2023-02-12 23:47:24 0 [Note] InnoDB: Starting crash recovery from checkpoint LSN=4546584
2023-02-12 23:47:24 0 [Note] InnoDB: Starting final batch to recover 4 pages from redo log.
2023-02-12 23:47:25 0 [Note] InnoDB: 128 out of 128 rollback segments are active.
2023-02-12 23:47:25 0 [Note] InnoDB: Removed temporary tablespace data file: "ibtmp1"
2023-02-12 23:47:25 0 [Note] InnoDB: Creating shared tablespace for temporary tables
2023-02-12 23:47:25 0 [Note] InnoDB: Setting file 'F:\uni\IQRA\courses\DBMS LAB\New folder\mysql\data\ibtmp1' size to 12 MB. Physically writing the file full; Please wait ...
2023-02-12 23:47:25 0 [Note] InnoDB: File 'F:\uni\IQRA\courses\DBMS LAB\New folder\mysql\data\ibtmp1' size is now 12 MB.
2023-02-12 23:47:25 0 [Note] InnoDB: Waiting for purge to start
2023-02-12 23:47:25 0 [Note] InnoDB: 10.4.25 started; log sequence number 4546999; transaction id 8147
2023-02-12 23:47:25 0 [Note] InnoDB: Loading buffer pool(s) from F:\uni\IQRA\courses\DBMS LAB\New folder\mysql\data\ib_buffer_pool
2023-02-12 23:47:25 0 [Note] Plugin 'FEEDBACK' is disabled.
2023-02-12 23:47:26 0 [Note] InnoDB: Buffer pool(s) load completed at 230212 23:47:26
2023-02-12 23:47:26 0 [Note] Server socket created on IP: '::'.
2023-02-12 23:47:52 0 [Note] InnoDB: Mutexes and rw_locks use Windows interlocked functions
2023-02-12 23:47:52 0 [Note] InnoDB: Uses event mutexes
2023-02-12 23:47:52 0 [Note] InnoDB: Compressed tables use zlib 1.2.11
2023-02-12 23:47:52 0 [Note] InnoDB: Number of pools: 1
2023-02-12 23:47:52 0 [Note] InnoDB: Using SSE2 crc32 instructions
2023-02-12 23:47:52 0 [Note] InnoDB: Initializing buffer pool, total size = 16M, instances = 1, chunk size = 16M
2023-02-12 23:47:52 0 [Note] InnoDB: Completed initialization of buffer pool
2023-02-12 23:47:53 0 [Note] InnoDB: Starting crash recovery from checkpoint LSN=4546584
2023-02-12 23:47:53 0 [Note] InnoDB: Starting final batch to recover 4 pages from redo log.
2023-02-12 23:47:54 0 [Note] InnoDB: 128 out of 128 rollback segments are active.
2023-02-12 23:47:54 0 [Note] InnoDB: Removed temporary tablespace data file: "ibtmp1"
2023-02-12 23:47:54 0 [Note] InnoDB: Creating shared tablespace for temporary tables
2023-02-12 23:47:54 0 [Note] InnoDB: Setting file 'F:\uni\IQRA\courses\DBMS LAB\New folder\mysql\data\ibtmp1' size to 12 MB. Physically writing the file full; Please wait ...
2023-02-12 23:47:54 0 [Note] InnoDB: File 'F:\uni\IQRA\courses\DBMS LAB\New folder\mysql\data\ibtmp1' size is now 12 MB.
2023-02-12 23:47:54 0 [Note] InnoDB: Waiting for purge to start
2023-02-12 23:47:54 0 [Note] InnoDB: 10.4.25 started; log sequence number 4546999; transaction id 8147
2023-02-12 23:47:54 0 [Note] InnoDB: Loading buffer pool(s) from F:\uni\IQRA\courses\DBMS LAB\New folder\mysql\data\ib_buffer_pool
2023-02-12 23:47:54 0 [Note] Plugin 'FEEDBACK' is disabled.
2023-02-12 23:47:54 0 [Note] Server socket created on IP: '::'.
2023-02-13 10:30:16 0 [Note] InnoDB: Mutexes and rw_locks use Windows interlocked functions
2023-02-13 10:30:16 0 [Note] InnoDB: Uses event mutexes
2023-02-13 10:30:16 0 [Note] InnoDB: Compressed tables use zlib 1.2.11
2023-02-13 10:30:16 0 [Note] InnoDB: Number of pools: 1
2023-02-13 10:30:16 0 [Note] InnoDB: Using SSE2 crc32 instructions
2023-02-13 10:30:16 0 [Note] InnoDB: Initializing buffer pool, total size = 16M, instances = 1, chunk size = 16M
2023-02-13 10:30:16 0 [Note] InnoDB: Completed initialization of buffer pool
2023-02-13 10:30:16 0 [Note] InnoDB: Starting crash recovery from checkpoint LSN=4547512
2023-02-13 10:30:17 0 [Note] InnoDB: 128 out of 128 rollback segments are active.
2023-02-13 10:30:17 0 [Note] InnoDB: Removed temporary tablespace data file: "ibtmp1"
2023-02-13 10:30:17 0 [Note] InnoDB: Creating shared tablespace for temporary tables
2023-02-13 10:30:17 0 [Note] InnoDB: Setting file 'F:\uni\IQRA\courses\DBMS LAB\New folder\mysql\data\ibtmp1' size to 12 MB. Physically writing the file full; Please wait ...
2023-02-13 10:30:17 0 [Note] InnoDB: File 'F:\uni\IQRA\courses\DBMS LAB\New folder\mysql\data\ibtmp1' size is now 12 MB.
2023-02-13 10:30:17 0 [Note] InnoDB: Waiting for purge to start
2023-02-13 10:30:17 0 [Note] InnoDB: 10.4.25 started; log sequence number 4547521; transaction id 8153
2023-02-13 10:30:17 0 [Note] InnoDB: Loading buffer pool(s) from F:\uni\IQRA\courses\DBMS LAB\New folder\mysql\data\ib_buffer_pool
2023-02-13 10:30:17 0 [Note] Plugin 'FEEDBACK' is disabled.
2023-02-13 10:30:17 0 [Note] Server socket created on IP: '::'.
2023-02-13 14:25:57 0 [Note] mysqld.exe: Aria engine: starting recovery
recovered pages: 0% 18% 41% 56% 69% 80% 100% (0.0 seconds); tables to flush: 3 2 1 0
 (0.1 seconds); 
2023-02-13 14:25:57 0 [Note] mysqld.exe: Aria engine: recovery done
2023-02-13 14:25:57 0 [Note] InnoDB: Mutexes and rw_locks use Windows interlocked functions
2023-02-13 14:25:57 0 [Note] InnoDB: Uses event mutexes
2023-02-13 14:25:57 0 [Note] InnoDB: Compressed tables use zlib 1.2.11
2023-02-13 14:25:57 0 [Note] InnoDB: Number of pools: 1
2023-02-13 14:25:57 0 [Note] InnoDB: Using SSE2 crc32 instructions
2023-02-13 14:25:57 0 [Note] InnoDB: Initializing buffer pool, total size = 16M, instances = 1, chunk size = 16M
2023-02-13 14:25:57 0 [Note] InnoDB: Completed initialization of buffer pool
2023-02-13 14:25:57 0 [Note] InnoDB: Starting crash recovery from checkpoint LSN=4547530
2023-02-13 14:25:58 0 [Note] InnoDB: 128 out of 128 rollback segments are active.
2023-02-13 14:25:58 0 [Note] InnoDB: Removed temporary tablespace data file: "ibtmp1"
2023-02-13 14:25:58 0 [Note] InnoDB: Creating shared tablespace for temporary tables
2023-02-13 14:25:58 0 [Note] InnoDB: Setting file 'F:\uni\IQRA\courses\DBMS LAB\New folder\mysql\data\ibtmp1' size to 12 MB. Physically writing the file full; Please wait ...
2023-02-13 14:25:58 0 [Note] InnoDB: File 'F:\uni\IQRA\courses\DBMS LAB\New folder\mysql\data\ibtmp1' size is now 12 MB.
2023-02-13 14:25:58 0 [Note] InnoDB: Waiting for purge to start
2023-02-13 14:25:58 0 [Note] InnoDB: 10.4.25 started; log sequence number 4547539; transaction id 8153
2023-02-13 14:25:58 0 [Note] InnoDB: Loading buffer pool(s) from F:\uni\IQRA\courses\DBMS LAB\New folder\mysql\data\ib_buffer_pool
2023-02-13 14:25:58 0 [Note] Plugin 'FEEDBACK' is disabled.
2023-02-13 14:25:58 0 [Note] Server socket created on IP: '::'.
2023-02-14  8:10:35 0 [Note] InnoDB: Mutexes and rw_locks use Windows interlocked functions
2023-02-14  8:10:35 0 [Note] InnoDB: Uses event mutexes
2023-02-14  8:10:35 0 [Note] InnoDB: Compressed tables use zlib 1.2.11
2023-02-14  8:10:35 0 [Note] InnoDB: Number of pools: 1
2023-02-14  8:10:35 0 [Note] InnoDB: Using SSE2 crc32 instructions
2023-02-14  8:10:35 0 [Note] InnoDB: Initializing buffer pool, total size = 16M, instances = 1, chunk size = 16M
2023-02-14  8:10:35 0 [Note] InnoDB: Completed initialization of buffer pool
2023-02-14  8:10:35 0 [Note] InnoDB: Starting crash recovery from checkpoint LSN=4547548
2023-02-14  8:10:36 0 [Note] InnoDB: 128 out of 128 rollback segments are active.
2023-02-14  8:10:36 0 [Note] InnoDB: Removed temporary tablespace data file: "ibtmp1"
2023-02-14  8:10:36 0 [Note] InnoDB: Creating shared tablespace for temporary tables
2023-02-14  8:10:36 0 [Note] InnoDB: Setting file 'F:\uni\IQRA\courses\DBMS LAB\New folder\mysql\data\ibtmp1' size to 12 MB. Physically writing the file full; Please wait ...
2023-02-14  8:10:36 0 [Note] InnoDB: File 'F:\uni\IQRA\courses\DBMS LAB\New folder\mysql\data\ibtmp1' size is now 12 MB.
2023-02-14  8:10:36 0 [Note] InnoDB: Waiting for purge to start
2023-02-14  8:10:36 0 [Note] InnoDB: 10.4.25 started; log sequence number 4547557; transaction id 8153
2023-02-14  8:10:36 0 [Note] InnoDB: Loading buffer pool(s) from F:\uni\IQRA\courses\DBMS LAB\New folder\mysql\data\ib_buffer_pool
2023-02-14  8:10:36 0 [Note] Plugin 'FEEDBACK' is disabled.
2023-02-14  8:10:36 0 [Note] Server socket created on IP: '::'.
2023-02-14  8:10:58 0 [Note] InnoDB: Mutexes and rw_locks use Windows interlocked functions
2023-02-14  8:10:58 0 [Note] InnoDB: Uses event mutexes
2023-02-14  8:10:58 0 [Note] InnoDB: Compressed tables use zlib 1.2.11
2023-02-14  8:10:58 0 [Note] InnoDB: Number of pools: 1
2023-02-14  8:10:58 0 [Note] InnoDB: Using SSE2 crc32 instructions
2023-02-14  8:10:58 0 [Note] InnoDB: Initializing buffer pool, total size = 16M, instances = 1, chunk size = 16M
2023-02-14  8:10:58 0 [Note] InnoDB: Completed initialization of buffer pool
2023-02-14  8:10:59 0 [Note] InnoDB: Starting crash recovery from checkpoint LSN=4547566
2023-02-14  8:10:59 0 [Note] InnoDB: 128 out of 128 rollback segments are active.
2023-02-14  8:10:59 0 [Note] InnoDB: Removed temporary tablespace data file: "ibtmp1"
2023-02-14  8:10:59 0 [Note] InnoDB: Creating shared tablespace for temporary tables
2023-02-14  8:10:59 0 [Note] InnoDB: Setting file 'F:\uni\IQRA\courses\DBMS LAB\New folder\mysql\data\ibtmp1' size to 12 MB. Physically writing the file full; Please wait ...
2023-02-14  8:10:59 0 [Note] InnoDB: File 'F:\uni\IQRA\courses\DBMS LAB\New folder\mysql\data\ibtmp1' size is now 12 MB.
2023-02-14  8:10:59 0 [Note] InnoDB: Waiting for purge to start
2023-02-14  8:10:59 0 [Note] InnoDB: 10.4.25 started; log sequence number 4547575; transaction id 8153
2023-02-14  8:10:59 0 [Note] InnoDB: Loading buffer pool(s) from F:\uni\IQRA\courses\DBMS LAB\New folder\mysql\data\ib_buffer_pool
2023-02-14  8:10:59 0 [Note] Plugin 'FEEDBACK' is disabled.
2023-02-14  8:10:59 0 [Note] Server socket created on IP: '::'.
